<?xml version="1.0" encoding="UTF-8"?>
<!-- Generated by org.testng.reporters.JUnitReportReporter -->
<testsuite hostname="Sahils-MacBook-Air.local" failures="0" tests="2" name="com.qa.newPro.OpenBrowserTest" time="16.366" errors="0" timestamp="2026-01-03T15:26:15 IST" skipped="1">
  <testcase classname="com.qa.newPro.OpenBrowserTest" name="selectTable" time="16.366"/>
  <testcase classname="com.qa.newPro.OpenBrowserTest" name="openBrowser">
    <skipped/>
  </testcase> <!-- openBrowser -->
</testsuite> <!-- com.qa.newPro.OpenBrowserTest -->
