<?xml version="1.0" encoding="UTF-8"?>
<testng-results ignored="0" total="1" passed="1" failed="0" skipped="0">
  <reporter-output>
  </reporter-output>
  <suite started-at="2026-01-04T17:50:44 IST" name="Demo Suite" finished-at="2026-01-04T17:50:51 IST" duration-ms="6749">
    <groups>
      <group name="smoke">
        <method signature="OpenBrowserTest.additems()[pri:0, instance:com.qa.tests.OpenBrowserTest@5a955565]" name="additems" class="com.qa.tests.OpenBrowserTest"/>
      </group> <!-- smoke -->
    </groups>
    <test started-at="2026-01-04T17:50:44 IST" name="Smoke Tests" finished-at="2026-01-04T17:50:51 IST" duration-ms="6749">
      <class name="com.qa.tests.OpenBrowserTest">
        <test-method is-config="true" signature="SetUpShoppingURL()[pri:0, instance:com.qa.tests.OpenBrowserTest@5a955565]" started-at="2026-01-04T17:50:44 IST" name="SetUpShoppingURL" finished-at="2026-01-04T17:50:48 IST" duration-ms="4474" status="PASS">
          <reporter-output>
          </reporter-output>
        </test-method> <!-- SetUpShoppingURL -->
        <test-method signature="additems()[pri:0, instance:com.qa.tests.OpenBrowserTest@5a955565]" started-at="2026-01-04T17:50:48 IST" name="additems" finished-at="2026-01-04T17:50:50 IST" duration-ms="2165" status="PASS">
          <reporter-output>
          </reporter-output>
        </test-method> <!-- additems -->
        <test-method is-config="true" signature="tearDown()[pri:0, instance:com.qa.tests.OpenBrowserTest@5a955565]" started-at="2026-01-04T17:50:50 IST" name="tearDown" finished-at="2026-01-04T17:50:51 IST" duration-ms="97" status="PASS">
          <reporter-output>
          </reporter-output>
        </test-method> <!-- tearDown -->
      </class> <!-- com.qa.tests.OpenBrowserTest -->
    </test> <!-- Smoke Tests -->
  </suite> <!-- Demo Suite -->
</testng-results>
