<?xml version="1.0" encoding="UTF-8"?>
<testng-results ignored="0" total="1" passed="1" failed="0" skipped="0">
  <reporter-output>
  </reporter-output>
  <suite started-at="2026-01-03T16:05:01 IST" name="Surefire suite" finished-at="2026-01-03T16:05:10 IST" duration-ms="8739">
    <groups>
    </groups>
    <test started-at="2026-01-03T16:05:01 IST" name="Surefire test" finished-at="2026-01-03T16:05:10 IST" duration-ms="8739">
      <class name="OpenBrowserTest">
        <test-method is-config="true" signature="SetUp()[pri:0, instance:OpenBrowserTest@22eeefeb]" started-at="2026-01-03T16:05:01 IST" name="SetUp" finished-at="2026-01-03T16:05:07 IST" duration-ms="6159" status="PASS">
          <reporter-output>
          </reporter-output>
        </test-method> <!-- SetUp -->
        <test-method signature="selectTable()[pri:0, instance:OpenBrowserTest@22eeefeb]" started-at="2026-01-03T16:05:07 IST" name="selectTable" finished-at="2026-01-03T16:05:10 IST" duration-ms="2480" status="PASS">
          <reporter-output>
          </reporter-output>
        </test-method> <!-- selectTable -->
        <test-method is-config="true" signature="tearDown()[pri:0, instance:OpenBrowserTest@22eeefeb]" started-at="2026-01-03T16:05:10 IST" name="tearDown" finished-at="2026-01-03T16:05:10 IST" duration-ms="90" status="PASS">
          <reporter-output>
          </reporter-output>
        </test-method> <!-- tearDown -->
      </class> <!-- OpenBrowserTest -->
    </test> <!-- Surefire test -->
  </suite> <!-- Surefire suite -->
</testng-results>
