<?xml version="1.0" encoding="UTF-8"?>
<!-- Generated by org.testng.reporters.JUnitReportReporter -->
<testsuite hostname="Sahils-MacBook-Air.local" failures="0" tests="6" name="com.qa.tests.OpenBrowserTest" time="6.736" errors="0" timestamp="2026-01-04T17:50:56 IST" skipped="5">
  <testcase classname="com.qa.tests.OpenBrowserTest" name="additems" time="6.736"/>
  <testcase classname="com.qa.tests.OpenBrowserTest" name="selectTable">
    <skipped/>
  </testcase> <!-- selectTable -->
  <testcase classname="com.qa.tests.OpenBrowserTest" name="dropdown">
    <skipped/>
  </testcase> <!-- dropdown -->
  <testcase classname="com.qa.tests.OpenBrowserTest" name="openBrowser">
    <skipped/>
  </testcase> <!-- openBrowser -->
  <testcase classname="com.qa.tests.OpenBrowserTest" name="mouseHoverAndKeyBoards">
    <skipped/>
  </testcase> <!-- mouseHoverAndKeyBoards -->
  <testcase classname="com.qa.tests.OpenBrowserTest" name="DateandTime">
    <skipped/>
  </testcase> <!-- DateandTime -->
</testsuite> <!-- com.qa.tests.OpenBrowserTest -->
