<?xml version="1.0" encoding="UTF-8"?>
<testng-results ignored="0" total="1" passed="1" failed="0" skipped="0">
  <reporter-output>
  </reporter-output>
  <suite started-at="2026-01-03T15:26:15 IST" name="Surefire suite" finished-at="2026-01-03T15:26:15 IST" duration-ms="12">
    <groups>
    </groups>
    <test started-at="2026-01-03T15:26:15 IST" name="Surefire test" finished-at="2026-01-03T15:26:15 IST" duration-ms="12">
      <class name="com.qa.newPro.AppTest">
        <test-method signature="shouldAnswerWithTrue()" started-at="2026-01-03T15:26:15 IST" name="shouldAnswerWithTrue" finished-at="2026-01-03T15:26:15 IST" duration-ms="2" status="PASS">
          <reporter-output>
          </reporter-output>
        </test-method> <!-- shouldAnswerWithTrue -->
      </class> <!-- com.qa.newPro.AppTest -->
    </test> <!-- Surefire test -->
  </suite> <!-- Surefire suite -->
</testng-results>
