<?xml version="1.0" encoding="UTF-8"?>
<!-- Generated by org.testng.reporters.JUnitXMLReporter -->
<testsuite ignored="1" hostname="Sahils-MacBook-Air.local" failures="0" tests="1" name="Surefire test" time="8.989" errors="0" timestamp="2026-01-03T15:57:05 IST">
  <testcase classname="com.qa.newPro.OpenBrowserTest" name="selectTable" time="0.824"/>
  <testcase classname="com.qa.newPro.OpenBrowserTest" name="openBrowser" time="0.0">
    <ignored/>
  </testcase> <!-- openBrowser -->
</testsuite> <!-- Surefire test -->
