<?xml version="1.0" encoding="UTF-8"?>
<!-- Generated by org.testng.reporters.JUnitXMLReporter -->
<testsuite ignored="5" hostname="Sahils-MacBook-Air.local" failures="0" tests="1" name="Smoke Tests" time="6.749" errors="0" timestamp="2026-01-04T17:50:56 IST">
  <testcase classname="com.qa.tests.OpenBrowserTest" name="additems" time="2.165"/>
  <testcase classname="com.qa.tests.OpenBrowserTest" name="selectTable" time="0.0">
    <ignored/>
  </testcase> <!-- selectTable -->
  <testcase classname="com.qa.tests.OpenBrowserTest" name="dropdown" time="0.0">
    <ignored/>
  </testcase> <!-- dropdown -->
  <testcase classname="com.qa.tests.OpenBrowserTest" name="openBrowser" time="0.0">
    <ignored/>
  </testcase> <!-- openBrowser -->
  <testcase classname="com.qa.tests.OpenBrowserTest" name="mouseHoverAndKeyBoards" time="0.0">
    <ignored/>
  </testcase> <!-- mouseHoverAndKeyBoards -->
  <testcase classname="com.qa.tests.OpenBrowserTest" name="DateandTime" time="0.0">
    <ignored/>
  </testcase> <!-- DateandTime -->
</testsuite> <!-- Smoke Tests -->
