<?xml version="1.0" encoding="UTF-8"?>
<testng-results ignored="0" total="1" passed="1" failed="0" skipped="0">
  <reporter-output>
  </reporter-output>
  <suite started-at="2026-01-03T15:25:54 IST" name="Surefire suite" finished-at="2026-01-03T15:26:10 IST" duration-ms="16377">
    <groups>
    </groups>
    <test started-at="2026-01-03T15:25:54 IST" name="Surefire test" finished-at="2026-01-03T15:26:10 IST" duration-ms="16377">
      <class name="com.qa.newPro.OpenBrowserTest">
        <test-method is-config="true" signature="SetUp()[pri:0, instance:com.qa.newPro.OpenBrowserTest@a74868d]" started-at="2026-01-03T15:25:54 IST" name="SetUp" finished-at="2026-01-03T15:26:09 IST" duration-ms="15532" status="PASS">
          <reporter-output>
          </reporter-output>
        </test-method> <!-- SetUp -->
        <test-method signature="selectTable()[pri:0, instance:com.qa.newPro.OpenBrowserTest@a74868d]" started-at="2026-01-03T15:26:09 IST" name="selectTable" finished-at="2026-01-03T15:26:10 IST" duration-ms="747" status="PASS">
          <reporter-output>
          </reporter-output>
        </test-method> <!-- selectTable -->
        <test-method is-config="true" signature="tearDown()[pri:0, instance:com.qa.newPro.OpenBrowserTest@a74868d]" started-at="2026-01-03T15:26:10 IST" name="tearDown" finished-at="2026-01-03T15:26:10 IST" duration-ms="87" status="PASS">
          <reporter-output>
          </reporter-output>
        </test-method> <!-- tearDown -->
      </class> <!-- com.qa.newPro.OpenBrowserTest -->
    </test> <!-- Surefire test -->
  </suite> <!-- Surefire suite -->
</testng-results>
